  Source.cpp
C:\Users\yegor\source\repos\ChaosGames\Source.cpp(35,19): warning C4244: 'argument': conversion from 'time_t' to 'unsigned int', possible loss of data
C:\Users\yegor\source\repos\ChaosGames\Source.cpp(102,99): warning C4244: 'argument': conversion from 'int' to 'T', possible loss of data
C:\Users\yegor\source\repos\ChaosGames\Source.cpp(102,99): warning C4244:         with
C:\Users\yegor\source\repos\ChaosGames\Source.cpp(102,99): warning C4244:         [
C:\Users\yegor\source\repos\ChaosGames\Source.cpp(102,99): warning C4244:             T=float
C:\Users\yegor\source\repos\ChaosGames\Source.cpp(102,99): warning C4244:         ]
C:\Users\yegor\source\repos\ChaosGames\Source.cpp(102,78): warning C4244: 'argument': conversion from 'int' to 'T', possible loss of data
C:\Users\yegor\source\repos\ChaosGames\Source.cpp(102,78): warning C4244:         with
C:\Users\yegor\source\repos\ChaosGames\Source.cpp(102,78): warning C4244:         [
C:\Users\yegor\source\repos\ChaosGames\Source.cpp(102,78): warning C4244:             T=float
C:\Users\yegor\source\repos\ChaosGames\Source.cpp(102,78): warning C4244:         ]
C:\Users\yegor\source\repos\ChaosGames\Source.cpp(109,65): warning C4244: '=': conversion from 'int' to 'T', possible loss of data
C:\Users\yegor\source\repos\ChaosGames\Source.cpp(109,65): warning C4244:         with
C:\Users\yegor\source\repos\ChaosGames\Source.cpp(109,65): warning C4244:         [
C:\Users\yegor\source\repos\ChaosGames\Source.cpp(109,65): warning C4244:             T=float
C:\Users\yegor\source\repos\ChaosGames\Source.cpp(109,65): warning C4244:         ]
C:\Users\yegor\source\repos\ChaosGames\Source.cpp(110,65): warning C4244: '=': conversion from 'int' to 'T', possible loss of data
C:\Users\yegor\source\repos\ChaosGames\Source.cpp(110,65): warning C4244:         with
C:\Users\yegor\source\repos\ChaosGames\Source.cpp(110,65): warning C4244:         [
C:\Users\yegor\source\repos\ChaosGames\Source.cpp(110,65): warning C4244:             T=float
C:\Users\yegor\source\repos\ChaosGames\Source.cpp(110,65): warning C4244:         ]
  ChaosGames.vcxproj -> C:\Users\yegor\source\repos\ChaosGames\x64\Debug\ChaosGames.exe
